<?xml version="1.0" encoding="UTF-8"?>
<coverage generated="1618523549467" clover="3.2.0">
  <project timestamp="1618523549467" name="All files">
    <metrics statements="28" coveredstatements="28" conditionals="4" coveredconditionals="4" methods="13" coveredmethods="13" elements="45" coveredelements="45" complexity="0" loc="28" ncloc="28" packages="2" files="4" classes="4"/>
    <package name="js">
      <metrics statements="1" coveredstatements="1" conditionals="0" coveredconditionals="0" methods="1" coveredmethods="1"/>
      <file name="core.js" path="/Users/isaacmoreno/Desktop/epicodus/school-fighter-rpg/src/js/core.js">
        <metrics statements="1" coveredstatements="1" conditionals="0" coveredconditionals="0" methods="1" coveredmethods="1"/>
        <line num="3" count="1" type="stmt"/>
      </file>
    </package>
    <package name="js.characters">
      <metrics statements="27" coveredstatements="27" conditionals="4" coveredconditionals="4" methods="12" coveredmethods="12"/>
      <file name="Character.js" path="/Users/isaacmoreno/Desktop/epicodus/school-fighter-rpg/src/js/characters/Character.js">
        <metrics statements="16" coveredstatements="16" conditionals="4" coveredconditionals="4" methods="7" coveredmethods="7"/>
        <line num="3" count="18" type="stmt"/>
        <line num="4" count="18" type="stmt"/>
        <line num="5" count="18" type="stmt"/>
        <line num="6" count="18" type="stmt"/>
        <line num="7" count="18" type="stmt"/>
        <line num="8" count="18" type="stmt"/>
        <line num="11" count="1" type="stmt"/>
        <line num="14" count="2" type="stmt"/>
        <line num="15" count="2" type="cond" truecount="2" falsecount="0"/>
        <line num="16" count="1" type="stmt"/>
        <line num="20" count="2" type="stmt"/>
        <line num="23" count="3" type="cond" truecount="2" falsecount="0"/>
        <line num="24" count="2" type="stmt"/>
        <line num="26" count="1" type="stmt"/>
        <line num="30" count="3" type="stmt"/>
        <line num="33" count="2" type="stmt"/>
      </file>
      <file name="Nerd.js" path="/Users/isaacmoreno/Desktop/epicodus/school-fighter-rpg/src/js/characters/Nerd.js">
        <metrics statements="9" coveredstatements="9" conditionals="0" coveredconditionals="0" methods="4" coveredmethods="4"/>
        <line num="5" count="3" type="stmt"/>
        <line num="6" count="3" type="stmt"/>
        <line num="7" count="3" type="stmt"/>
        <line num="8" count="3" type="stmt"/>
        <line num="9" count="3" type="stmt"/>
        <line num="13" count="1" type="stmt"/>
        <line num="16" count="1" type="stmt"/>
        <line num="19" count="1" type="stmt"/>
        <line num="20" count="1" type="stmt"/>
      </file>
      <file name="type.js" path="/Users/isaacmoreno/Desktop/epicodus/school-fighter-rpg/src/js/characters/type.js">
        <metrics statements="2" coveredstatements="2" conditionals="0" coveredconditionals="0" methods="1" coveredmethods="1"/>
        <line num="3" count="2" type="stmt"/>
        <line num="4" count="2" type="stmt"/>
      </file>
    </package>
  </project>
</coverage>
