{"/Users/torch/Desktop/Epicodus/Week5/school-fighter-rpg/src/js/Game.js": {"path":"/Users/torch/Desktop/Epicodus/Week5/school-fighter-rpg/src/js/Game.js","statementMap":{},"fnMap":{"0":{"name":"(anonymous_0)","decl":{"start":{"line":2,"column":2},"end":{"line":2,"column":3}},"loc":{"start":{"line":2,"column":16},"end":{"line":2,"column":18}},"line":2}},"branchMap":{},"s":{},"f":{"0":1},"b":{},"_coverageSchema":"1a1c01bbd47fc00a2c39e90264f33305004495a9","hash":"6b45c23a41780e5792bda94fc758cb7476dad9c5"}
,"/Users/torch/Desktop/Epicodus/Week5/school-fighter-rpg/src/js/core.js": {"path":"/Users/torch/Desktop/Epicodus/Week5/school-fighter-rpg/src/js/core.js","statementMap":{"0":{"start":{"line":3,"column":25},"end":{"line":3,"column":35}}},"fnMap":{"0":{"name":"(anonymous_0)","decl":{"start":{"line":3,"column":15},"end":{"line":3,"column":16}},"loc":{"start":{"line":3,"column":25},"end":{"line":3,"column":35}},"line":3}},"branchMap":{},"s":{"0":1},"f":{"0":1},"b":{},"_coverageSchema":"1a1c01bbd47fc00a2c39e90264f33305004495a9","hash":"86413548d09c389563d30d4bc3e284692e3e0339"}
}
