{"/Users/torch/Desktop/Epicodus/Week5/school-fighter-rpg/src/js/characters/Character.js": {"path":"/Users/torch/Desktop/Epicodus/Week5/school-fighter-rpg/src/js/characters/Character.js","statementMap":{"0":{"start":{"line":3,"column":4},"end":{"line":3,"column":19}},"1":{"start":{"line":4,"column":4},"end":{"line":4,"column":34}},"2":{"start":{"line":5,"column":4},"end":{"line":5,"column":20}},"3":{"start":{"line":6,"column":4},"end":{"line":6,"column":18}},"4":{"start":{"line":7,"column":4},"end":{"line":7,"column":15}},"5":{"start":{"line":8,"column":4},"end":{"line":8,"column":23}}},"fnMap":{"0":{"name":"(anonymous_0)","decl":{"start":{"line":2,"column":2},"end":{"line":2,"column":3}},"loc":{"start":{"line":2,"column":16},"end":{"line":9,"column":3}},"line":2}},"branchMap":{},"s":{"0":5,"1":5,"2":5,"3":5,"4":5,"5":5},"f":{"0":5},"b":{},"_coverageSchema":"1a1c01bbd47fc00a2c39e90264f33305004495a9","hash":"a28daf71f6ea4f46c7e277c6309f2dfd8ce298b7"}
,"/Users/torch/Desktop/Epicodus/Week5/school-fighter-rpg/src/js/characters/Wizard.js": {"path":"/Users/torch/Desktop/Epicodus/Week5/school-fighter-rpg/src/js/characters/Wizard.js","statementMap":{"0":{"start":{"line":5,"column":4},"end":{"line":5,"column":11}},"1":{"start":{"line":6,"column":4},"end":{"line":6,"column":31}}},"fnMap":{"0":{"name":"(anonymous_0)","decl":{"start":{"line":4,"column":2},"end":{"line":4,"column":3}},"loc":{"start":{"line":4,"column":16},"end":{"line":7,"column":3}},"line":4}},"branchMap":{},"s":{"0":1,"1":1},"f":{"0":1},"b":{},"_coverageSchema":"1a1c01bbd47fc00a2c39e90264f33305004495a9","hash":"521ca0670a4194b98d6398bcd7159a1817da34b3"}
,"/Users/torch/Desktop/Epicodus/Week5/school-fighter-rpg/src/js/characters/index.js": {"path":"/Users/torch/Desktop/Epicodus/Week5/school-fighter-rpg/src/js/characters/index.js","statementMap":{},"fnMap":{},"branchMap":{},"s":{},"f":{},"b":{},"_coverageSchema":"1a1c01bbd47fc00a2c39e90264f33305004495a9","hash":"7397c6c6e27abf2510a141b5caf3b9d94112d94a"}
,"/Users/torch/Desktop/Epicodus/Week5/school-fighter-rpg/src/js/game/index.js": {"path":"/Users/torch/Desktop/Epicodus/Week5/school-fighter-rpg/src/js/game/index.js","statementMap":{"0":{"start":{"line":3,"column":16},"end":{"line":3,"column":25}},"1":{"start":{"line":4,"column":15},"end":{"line":4,"column":23}},"2":{"start":{"line":5,"column":13},"end":{"line":5,"column":19}},"3":{"start":{"line":6,"column":15},"end":{"line":6,"column":23}},"4":{"start":{"line":7,"column":21},"end":{"line":12,"column":1}},"5":{"start":{"line":13,"column":14},"end":{"line":13,"column":21}},"6":{"start":{"line":14,"column":17},"end":{"line":14,"column":27}},"7":{"start":{"line":15,"column":18},"end":{"line":15,"column":29}},"8":{"start":{"line":16,"column":32},"end":{"line":20,"column":1}},"9":{"start":{"line":24,"column":4},"end":{"line":24,"column":22}},"10":{"start":{"line":25,"column":4},"end":{"line":25,"column":23}},"11":{"start":{"line":26,"column":4},"end":{"line":26,"column":31}},"12":{"start":{"line":27,"column":4},"end":{"line":27,"column":24}},"13":{"start":{"line":28,"column":4},"end":{"line":28,"column":45}},"14":{"start":{"line":32,"column":4},"end":{"line":32,"column":22}},"15":{"start":{"line":33,"column":15},"end":{"line":33,"column":28}},"16":{"start":{"line":34,"column":4},"end":{"line":34,"column":21}},"17":{"start":{"line":35,"column":4},"end":{"line":35,"column":38}},"18":{"start":{"line":39,"column":4},"end":{"line":39,"column":37}},"19":{"start":{"line":40,"column":4},"end":{"line":40,"column":41}},"20":{"start":{"line":41,"column":25},"end":{"line":41,"column":59}},"21":{"start":{"line":42,"column":4},"end":{"line":48,"column":6}},"22":{"start":{"line":43,"column":25},"end":{"line":43,"column":49}},"23":{"start":{"line":44,"column":25},"end":{"line":44,"column":49}},"24":{"start":{"line":45,"column":33},"end":{"line":45,"column":63}},"25":{"start":{"line":46,"column":33},"end":{"line":46,"column":63}},"26":{"start":{"line":47,"column":6},"end":{"line":47,"column":52}},"27":{"start":{"line":49,"column":4},"end":{"line":49,"column":33}},"28":{"start":{"line":53,"column":24},"end":{"line":53,"column":35}},"29":{"start":{"line":54,"column":4},"end":{"line":59,"column":5}},"30":{"start":{"line":55,"column":6},"end":{"line":55,"column":18}},"31":{"start":{"line":56,"column":11},"end":{"line":59,"column":5}},"32":{"start":{"line":57,"column":6},"end":{"line":57,"column":24}},"33":{"start":{"line":58,"column":6},"end":{"line":58,"column":22}},"34":{"start":{"line":60,"column":4},"end":{"line":60,"column":19}}},"fnMap":{"0":{"name":"(anonymous_0)","decl":{"start":{"line":23,"column":2},"end":{"line":23,"column":3}},"loc":{"start":{"line":23,"column":16},"end":{"line":29,"column":3}},"line":23},"1":{"name":"(anonymous_1)","decl":{"start":{"line":31,"column":2},"end":{"line":31,"column":3}},"loc":{"start":{"line":31,"column":26},"end":{"line":36,"column":3}},"line":31},"2":{"name":"(anonymous_2)","decl":{"start":{"line":38,"column":2},"end":{"line":38,"column":3}},"loc":{"start":{"line":38,"column":16},"end":{"line":50,"column":3}},"line":38},"3":{"name":"(anonymous_3)","decl":{"start":{"line":42,"column":22},"end":{"line":42,"column":23}},"loc":{"start":{"line":42,"column":36},"end":{"line":48,"column":5}},"line":42},"4":{"name":"(anonymous_4)","decl":{"start":{"line":52,"column":2},"end":{"line":52,"column":3}},"loc":{"start":{"line":52,"column":16},"end":{"line":61,"column":3}},"line":52}},"branchMap":{"0":{"loc":{"start":{"line":54,"column":4},"end":{"line":59,"column":5}},"type":"if","locations":[{"start":{"line":54,"column":4},"end":{"line":59,"column":5}},{"start":{"line":54,"column":4},"end":{"line":59,"column":5}}],"line":54},"1":{"loc":{"start":{"line":56,"column":11},"end":{"line":59,"column":5}},"type":"if","locations":[{"start":{"line":56,"column":11},"end":{"line":59,"column":5}},{"start":{"line":56,"column":11},"end":{"line":59,"column":5}}],"line":56}},"s":{"0":1,"1":1,"2":1,"3":1,"4":1,"5":1,"6":1,"7":1,"8":1,"9":5,"10":5,"11":5,"12":5,"13":5,"14":5,"15":5,"16":5,"17":5,"18":2,"19":2,"20":2,"21":2,"22":2,"23":2,"24":2,"25":2,"26":2,"27":2,"28":1,"29":1,"30":0,"31":1,"32":0,"33":0,"34":1},"f":{"0":5,"1":5,"2":2,"3":2,"4":1},"b":{"0":[0,1],"1":[0,1]},"_coverageSchema":"1a1c01bbd47fc00a2c39e90264f33305004495a9","hash":"84ef315dc10cf5f4f933a768cd6063e10b6c7a9c"}
,"/Users/torch/Desktop/Epicodus/Week5/school-fighter-rpg/src/js/game/util.js": {"path":"/Users/torch/Desktop/Epicodus/Week5/school-fighter-rpg/src/js/game/util.js","statementMap":{"0":{"start":{"line":2,"column":2},"end":{"line":2,"column":39}}},"fnMap":{"0":{"name":"diceRoll","decl":{"start":{"line":1,"column":24},"end":{"line":1,"column":32}},"loc":{"start":{"line":1,"column":38},"end":{"line":3,"column":1}},"line":1}},"branchMap":{},"s":{"0":6},"f":{"0":6},"b":{},"_coverageSchema":"1a1c01bbd47fc00a2c39e90264f33305004495a9","hash":"d29c6dc08864959c4300cf1d6f2ae4bf64f2ff0c"}
,"/Users/torch/Desktop/Epicodus/Week5/school-fighter-rpg/src/js/items/index.js": {"path":"/Users/torch/Desktop/Epicodus/Week5/school-fighter-rpg/src/js/items/index.js","statementMap":{},"fnMap":{},"branchMap":{},"s":{},"f":{},"b":{},"_coverageSchema":"1a1c01bbd47fc00a2c39e90264f33305004495a9","hash":"7ac88799c64dc4912c24c8d6e628c19977ff0dab"}
,"/Users/torch/Desktop/Epicodus/Week5/school-fighter-rpg/src/js/items/item.js": {"path":"/Users/torch/Desktop/Epicodus/Week5/school-fighter-rpg/src/js/items/item.js","statementMap":{"0":{"start":{"line":3,"column":4},"end":{"line":3,"column":20}},"1":{"start":{"line":4,"column":4},"end":{"line":4,"column":20}},"2":{"start":{"line":5,"column":4},"end":{"line":5,"column":22}},"3":{"start":{"line":6,"column":4},"end":{"line":6,"column":24}},"4":{"start":{"line":7,"column":4},"end":{"line":7,"column":24}},"5":{"start":{"line":11,"column":20},"end":{"line":11,"column":58}},"6":{"start":{"line":12,"column":29},"end":{"line":12,"column":63}},"7":{"start":{"line":13,"column":23},"end":{"line":13,"column":49}},"8":{"start":{"line":14,"column":4},"end":{"line":14,"column":21}}},"fnMap":{"0":{"name":"(anonymous_0)","decl":{"start":{"line":2,"column":2},"end":{"line":2,"column":3}},"loc":{"start":{"line":2,"column":49},"end":{"line":8,"column":3}},"line":2},"1":{"name":"(anonymous_1)","decl":{"start":{"line":10,"column":2},"end":{"line":10,"column":3}},"loc":{"start":{"line":10,"column":20},"end":{"line":15,"column":3}},"line":10}},"branchMap":{},"s":{"0":2,"1":2,"2":2,"3":2,"4":2,"5":1,"6":1,"7":1,"8":1},"f":{"0":2,"1":1},"b":{},"_coverageSchema":"1a1c01bbd47fc00a2c39e90264f33305004495a9","hash":"45c4e8f364413fd065712cdb9fe3c88d93984b55"}
}
